android/app/build/intermediates/manifest_merge_blame_file/debug/manifest-merger-blame-debug-report.txt
1<?xml version="1.0" encoding="utf-8"?>
2<manifest xmlns:android="http://schemas.android.com/apk/res/android"
3    package="com.shrijalshr.foodit.foodit"
4    android:versionCode="1"
5    android:versionName="1.0.0" >
6
7    <uses-sdk
8        android:minSdkVersion="16"
9        android:targetSdkVersion="33" />
10    <!--
11         The INTERNET permission is required for development. Specifically,
12         the Flutter tool needs it to communicate with the running application
13         to allow setting breakpoints, to provide hot reload, etc.
14    -->
15    <uses-permission android:name="android.permission.INTERNET" />
15-->src\debug\AndroidManifest.xml:7:5-66
15-->src\debug\AndroidManifest.xml:7:22-64
16    <uses-permission android:name="android.permission.ACCESS_NETWORK_STATE" />
16-->[com.google.firebase:firebase-auth:21.3.0] AndroidManifest.xml:26:5-79
16-->[com.google.firebase:firebase-auth:21.3.0] AndroidManifest.xml:26:22-76
17
18    <permission
18-->[androidx.core:core:1.9.0] AndroidManifest.xml:22:5-24:47
19        android:name="com.shrijalshr.foodit.foodit.DYNAMIC_RECEIVER_NOT_EXPORTED_PERMISSION"
19-->[androidx.core:core:1.9.0] AndroidManifest.xml:23:9-81
20        android:protectionLevel="signature" />
20-->[androidx.core:core:1.9.0] AndroidManifest.xml:24:9-44
21
22    <uses-permission android:name="com.shrijalshr.foodit.foodit.DYNAMIC_RECEIVER_NOT_EXPORTED_PERMISSION" />
22-->[androidx.core:core:1.9.0] AndroidManifest.xml:26:5-97
22-->[androidx.core:core:1.9.0] AndroidManifest.xml:26:22-94
23
24    <application
25        android:name="android.app.Application"
26        android:appComponentFactory="androidx.core.app.CoreComponentFactory"
26-->[androidx.core:core:1.9.0] AndroidManifest.xml:28:18-86
27        android:debuggable="true"
28        android:icon="@mipmap/ic_launcher"
29        android:label="foodit" >
30        <activity
31            android:name="com.shrijalshr.foodit.foodit.MainActivity"
32            android:configChanges="orientation|keyboardHidden|keyboard|screenSize|smallestScreenSize|locale|layoutDirection|fontScale|screenLayout|density|uiMode"
33            android:exported="true"
34            android:hardwareAccelerated="true"
35            android:launchMode="singleTop"
36            android:theme="@style/LaunchTheme"
37            android:windowSoftInputMode="adjustResize" >
38
39            <!--
40                 Specifies an Android theme to apply to this Activity as soon as
41                 the Android process has started. This theme is visible to the user
42                 while the Flutter UI initializes. After that, this theme continues
43                 to determine the Window background behind the Flutter UI.
44            -->
45            <meta-data
46                android:name="io.flutter.embedding.android.NormalTheme"
47                android:resource="@style/NormalTheme" />
48
49            <intent-filter>
50                <action android:name="android.intent.action.MAIN" />
51
52                <category android:name="android.intent.category.LAUNCHER" />
53            </intent-filter>
54        </activity>
55        <!--
56             Don't delete the meta-data below.
57             This is used by the Flutter tool to generate GeneratedPluginRegistrant.java
58        -->
59        <meta-data
60            android:name="flutterEmbedding"
61            android:value="2" />
62
63        <service
63-->[:firebase_auth] AndroidManifest.xml:10:9-14:19
64            android:name="com.google.firebase.components.ComponentDiscoveryService"
64-->[:firebase_auth] AndroidManifest.xml:10:18-89
65            android:directBootAware="true"
65-->[com.google.firebase:firebase-common:20.3.2] AndroidManifest.xml:34:13-43
66            android:exported="false" >
66-->[com.google.firebase:firebase-auth-ktx:21.3.0] AndroidManifest.xml:10:13-37
67            <meta-data
67-->[:firebase_auth] AndroidManifest.xml:11:13-13:85
68                android:name="com.google.firebase.components:io.flutter.plugins.firebase.auth.FlutterFirebaseAuthRegistrar"
68-->[:firebase_auth] AndroidManifest.xml:12:17-124
69                android:value="com.google.firebase.components.ComponentRegistrar" />
69-->[:firebase_auth] AndroidManifest.xml:13:17-82
70            <meta-data
70-->[:firebase_core] AndroidManifest.xml:11:13-13:85
71                android:name="com.google.firebase.components:io.flutter.plugins.firebase.core.FlutterFirebaseCoreRegistrar"
71-->[:firebase_core] AndroidManifest.xml:12:17-124
72                android:value="com.google.firebase.components.ComponentRegistrar" />
72-->[:firebase_core] AndroidManifest.xml:13:17-82
73            <meta-data
73-->[com.google.firebase:firebase-auth-ktx:21.3.0] AndroidManifest.xml:11:13-13:85
74                android:name="com.google.firebase.components:com.google.firebase.auth.ktx.FirebaseAuthKtxRegistrar"
74-->[com.google.firebase:firebase-auth-ktx:21.3.0] AndroidManifest.xml:12:17-116
75                android:value="com.google.firebase.components.ComponentRegistrar" />
75-->[com.google.firebase:firebase-auth-ktx:21.3.0] AndroidManifest.xml:13:17-82
76            <meta-data
76-->[com.google.firebase:firebase-common-ktx:20.3.2] AndroidManifest.xml:14:13-16:85
77                android:name="com.google.firebase.components:com.google.firebase.ktx.FirebaseCommonKtxRegistrar"
77-->[com.google.firebase:firebase-common-ktx:20.3.2] AndroidManifest.xml:15:17-113
78                android:value="com.google.firebase.components.ComponentRegistrar" />
78-->[com.google.firebase:firebase-common-ktx:20.3.2] AndroidManifest.xml:16:17-82
79            <meta-data
79-->[com.google.firebase:firebase-auth:21.3.0] AndroidManifest.xml:69:13-71:85
80                android:name="com.google.firebase.components:com.google.firebase.auth.FirebaseAuthRegistrar"
80-->[com.google.firebase:firebase-auth:21.3.0] AndroidManifest.xml:70:17-109
81                android:value="com.google.firebase.components.ComponentRegistrar" />
81-->[com.google.firebase:firebase-auth:21.3.0] AndroidManifest.xml:71:17-82
82        </service>
83
84        <provider
84-->[:image_picker_android] AndroidManifest.xml:10:9-18:20
85            android:name="io.flutter.plugins.imagepicker.ImagePickerFileProvider"
85-->[:image_picker_android] AndroidManifest.xml:11:13-82
86            android:authorities="com.shrijalshr.foodit.foodit.flutter.image_provider"
86-->[:image_picker_android] AndroidManifest.xml:12:13-74
87            android:exported="false"
87-->[:image_picker_android] AndroidManifest.xml:13:13-37
88            android:grantUriPermissions="true" >
88-->[:image_picker_android] AndroidManifest.xml:14:13-47
89            <meta-data
89-->[:image_picker_android] AndroidManifest.xml:15:13-17:75
90                android:name="android.support.FILE_PROVIDER_PATHS"
90-->[:image_picker_android] AndroidManifest.xml:16:17-67
91                android:resource="@xml/flutter_image_picker_file_paths" />
91-->[:image_picker_android] AndroidManifest.xml:17:17-72
92        </provider>
93
94        <activity
94-->[:url_launcher_android] AndroidManifest.xml:10:9-13:74
95            android:name="io.flutter.plugins.urllauncher.WebViewActivity"
95-->[:url_launcher_android] AndroidManifest.xml:11:13-74
96            android:exported="false"
96-->[:url_launcher_android] AndroidManifest.xml:12:13-37
97            android:theme="@android:style/Theme.NoTitleBar.Fullscreen" />
97-->[:url_launcher_android] AndroidManifest.xml:13:13-71
98        <activity
98-->[com.google.firebase:firebase-auth:21.3.0] AndroidManifest.xml:29:9-46:20
99            android:name="com.google.firebase.auth.internal.GenericIdpActivity"
99-->[com.google.firebase:firebase-auth:21.3.0] AndroidManifest.xml:30:13-80
100            android:excludeFromRecents="true"
100-->[com.google.firebase:firebase-auth:21.3.0] AndroidManifest.xml:31:13-46
101            android:exported="true"
101-->[com.google.firebase:firebase-auth:21.3.0] AndroidManifest.xml:32:13-36
102            android:launchMode="singleTask"
102-->[com.google.firebase:firebase-auth:21.3.0] AndroidManifest.xml:33:13-44
103            android:theme="@android:style/Theme.Translucent.NoTitleBar" >
103-->[com.google.firebase:firebase-auth:21.3.0] AndroidManifest.xml:34:13-72
104            <intent-filter>
104-->[com.google.firebase:firebase-auth:21.3.0] AndroidManifest.xml:35:13-45:29
105                <action android:name="android.intent.action.VIEW" />
105-->[com.google.firebase:firebase-auth:21.3.0] AndroidManifest.xml:36:17-69
105-->[com.google.firebase:firebase-auth:21.3.0] AndroidManifest.xml:36:25-66
106
107                <category android:name="android.intent.category.DEFAULT" />
107-->[com.google.firebase:firebase-auth:21.3.0] AndroidManifest.xml:38:17-76
107-->[com.google.firebase:firebase-auth:21.3.0] AndroidManifest.xml:38:27-73
108                <category android:name="android.intent.category.BROWSABLE" />
108-->[com.google.firebase:firebase-auth:21.3.0] AndroidManifest.xml:39:17-78
108-->[com.google.firebase:firebase-auth:21.3.0] AndroidManifest.xml:39:27-75
109
110                <data
110-->[com.google.firebase:firebase-auth:21.3.0] AndroidManifest.xml:41:17-44:51
111                    android:host="firebase.auth"
111-->[com.google.firebase:firebase-auth:21.3.0] AndroidManifest.xml:42:21-49
112                    android:path="/"
112-->[com.google.firebase:firebase-auth:21.3.0] AndroidManifest.xml:43:21-37
113                    android:scheme="genericidp" />
113-->[com.google.firebase:firebase-auth:21.3.0] AndroidManifest.xml:44:21-48
114            </intent-filter>
115        </activity>
116        <activity
116-->[com.google.firebase:firebase-auth:21.3.0] AndroidManifest.xml:47:9-64:20
117            android:name="com.google.firebase.auth.internal.RecaptchaActivity"
117-->[com.google.firebase:firebase-auth:21.3.0] AndroidManifest.xml:48:13-79
118            android:excludeFromRecents="true"
118-->[com.google.firebase:firebase-auth:21.3.0] AndroidManifest.xml:49:13-46
119            android:exported="true"
119-->[com.google.firebase:firebase-auth:21.3.0] AndroidManifest.xml:50:13-36
120            android:launchMode="singleTask"
120-->[com.google.firebase:firebase-auth:21.3.0] AndroidManifest.xml:51:13-44
121            android:theme="@android:style/Theme.Translucent.NoTitleBar" >
121-->[com.google.firebase:firebase-auth:21.3.0] AndroidManifest.xml:52:13-72
122            <intent-filter>
122-->[com.google.firebase:firebase-auth:21.3.0] AndroidManifest.xml:53:13-63:29
123                <action android:name="android.intent.action.VIEW" />
123-->[com.google.firebase:firebase-auth:21.3.0] AndroidManifest.xml:36:17-69
123-->[com.google.firebase:firebase-auth:21.3.0] AndroidManifest.xml:36:25-66
124
125                <category android:name="android.intent.category.DEFAULT" />
125-->[com.google.firebase:firebase-auth:21.3.0] AndroidManifest.xml:38:17-76
125-->[com.google.firebase:firebase-auth:21.3.0] AndroidManifest.xml:38:27-73
126                <category android:name="android.intent.category.BROWSABLE" />
126-->[com.google.firebase:firebase-auth:21.3.0] AndroidManifest.xml:39:17-78
126-->[com.google.firebase:firebase-auth:21.3.0] AndroidManifest.xml:39:27-75
127
128                <data
128-->[com.google.firebase:firebase-auth:21.3.0] AndroidManifest.xml:41:17-44:51
129                    android:host="firebase.auth"
129-->[com.google.firebase:firebase-auth:21.3.0] AndroidManifest.xml:42:21-49
130                    android:path="/"
130-->[com.google.firebase:firebase-auth:21.3.0] AndroidManifest.xml:43:21-37
131                    android:scheme="recaptcha" />
131-->[com.google.firebase:firebase-auth:21.3.0] AndroidManifest.xml:44:21-48
132            </intent-filter>
133        </activity>
134
135        <provider
135-->[com.google.firebase:firebase-common:20.3.2] AndroidManifest.xml:25:9-30:39
136            android:name="com.google.firebase.provider.FirebaseInitProvider"
136-->[com.google.firebase:firebase-common:20.3.2] AndroidManifest.xml:26:13-77
137            android:authorities="com.shrijalshr.foodit.foodit.firebaseinitprovider"
137-->[com.google.firebase:firebase-common:20.3.2] AndroidManifest.xml:27:13-72
138            android:directBootAware="true"
138-->[com.google.firebase:firebase-common:20.3.2] AndroidManifest.xml:28:13-43
139            android:exported="false"
139-->[com.google.firebase:firebase-common:20.3.2] AndroidManifest.xml:29:13-37
140            android:initOrder="100" />
140-->[com.google.firebase:firebase-common:20.3.2] AndroidManifest.xml:30:13-36
141
142        <activity
142-->[com.google.android.gms:play-services-base:17.1.0] AndroidManifest.xml:23:9-26:75
143            android:name="com.google.android.gms.common.api.GoogleApiActivity"
143-->[com.google.android.gms:play-services-base:17.1.0] AndroidManifest.xml:24:13-79
144            android:exported="false"
144-->[com.google.android.gms:play-services-base:17.1.0] AndroidManifest.xml:25:13-37
145            android:theme="@android:style/Theme.Translucent.NoTitleBar" />
145-->[com.google.android.gms:play-services-base:17.1.0] AndroidManifest.xml:26:13-72
146
147        <meta-data
147-->[com.google.android.gms:play-services-basement:18.1.0] AndroidManifest.xml:21:9-23:69
148            android:name="com.google.android.gms.version"
148-->[com.google.android.gms:play-services-basement:18.1.0] AndroidManifest.xml:22:13-58
149            android:value="@integer/google_play_services_version" />
149-->[com.google.android.gms:play-services-basement:18.1.0] AndroidManifest.xml:23:13-66
150
151        <uses-library
151-->[androidx.window:window:1.0.0-beta04] AndroidManifest.xml:25:9-27:40
152            android:name="androidx.window.extensions"
152-->[androidx.window:window:1.0.0-beta04] AndroidManifest.xml:26:13-54
153            android:required="false" />
153-->[androidx.window:window:1.0.0-beta04] AndroidManifest.xml:27:13-37
154        <uses-library
154-->[androidx.window:window:1.0.0-beta04] AndroidManifest.xml:28:9-30:40
155            android:name="androidx.window.sidecar"
155-->[androidx.window:window:1.0.0-beta04] AndroidManifest.xml:29:13-51
156            android:required="false" />
156-->[androidx.window:window:1.0.0-beta04] AndroidManifest.xml:30:13-37
157    </application>
158
159</manifest>